<?xml version="1.0" encoding="UTF-8"?>
<testng-results ignored="0" total="2" passed="2" failed="0" skipped="0">
  <reporter-output>
  </reporter-output>
  <suite started-at="2021-07-16T19:21:58 IST" name="Suite" finished-at="2021-07-16T19:22:07 IST" duration-ms="8966">
    <groups>
    </groups>
    <test started-at="2021-07-16T19:21:58 IST" name="Test" finished-at="2021-07-16T19:22:07 IST" duration-ms="8966">
      <class name="testPackageOne.TestClassOneTestTestNG">
        <test-method signature="test1()[pri:0, instance:testPackageOne.TestClassOneTestTestNG@50ad3bc1]" started-at="2021-07-16T19:21:58 IST" name="test1" finished-at="2021-07-16T19:22:07 IST" duration-ms="8921" status="PASS">
          <reporter-output>
          </reporter-output>
        </test-method> <!-- test1 -->
        <test-method signature="test2()[pri:0, instance:testPackageOne.TestClassOneTestTestNG@50ad3bc1]" started-at="2021-07-16T19:22:07 IST" name="test2" finished-at="2021-07-16T19:22:07 IST" duration-ms="2" status="PASS">
          <reporter-output>
          </reporter-output>
        </test-method> <!-- test2 -->
      </class> <!-- testPackageOne.TestClassOneTestTestNG -->
    </test> <!-- Test -->
  </suite> <!-- Suite -->
</testng-results>
